<?xml version="1.0" encoding="utf-8"?><testsuites name="pytest tests"><testsuite name="pytest" errors="0" failures="0" skipped="0" tests="25" time="26.353" timestamp="2026-06-07T05:30:03.009231+00:00" hostname="agent-env-76d7dfc1-af80-477d-aa6b-6f80481c1a85"><testcase classname="backend.tests.test_api" name="test_health" time="0.220" /><testcase classname="backend.tests.test_api.TestAuth" name="test_retailer_login" time="0.376" /><testcase classname="backend.tests.test_api.TestAuth" name="test_brand_login" time="0.349" /><testcase classname="backend.tests.test_api.TestAuth" name="test_admin_login" time="0.106" /><testcase classname="backend.tests.test_api.TestAuth" name="test_wrong_password" time="0.319" /><testcase classname="backend.tests.test_api.TestAuth" name="test_role_mismatch" time="0.114" /><testcase classname="backend.tests.test_api.TestAuth" name="test_register_retailer_and_duplicate" time="0.362" /><testcase classname="backend.tests.test_api.TestAuth" name="test_me_with_token" time="1.495" /><testcase classname="backend.tests.test_api.TestAuth" name="test_me_without_token" time="19.381" /><testcase classname="backend.tests.test_api.TestProducts" name="test_list_products" time="0.146" /><testcase classname="backend.tests.test_api.TestProducts" name="test_filter_by_category" time="0.117" /><testcase classname="backend.tests.test_api.TestProducts" name="test_search_case_insensitive" time="0.140" /><testcase classname="backend.tests.test_api.TestProducts" name="test_sort_price_asc" time="0.111" /><testcase classname="backend.tests.test_api.TestProducts" name="test_featured" time="0.113" /><testcase classname="backend.tests.test_api.TestRetailer" name="test_summary" time="0.105" /><testcase classname="backend.tests.test_api.TestRetailer" name="test_summary_requires_retailer" time="0.418" /><testcase classname="backend.tests.test_api.TestRetailer" name="test_orders_recent" time="0.124" /><testcase classname="backend.tests.test_api.TestRetailer" name="test_credit" time="0.107" /><testcase classname="backend.tests.test_api.TestOrders" name="test_create_order_and_credit_deduction" time="0.323" /><testcase classname="backend.tests.test_api.TestOrders" name="test_insufficient_credit" time="0.197" /><testcase classname="backend.tests.test_api.TestOrders" name="test_retailer_only_sees_own_orders" time="0.619" /><testcase classname="backend.tests.test_api.TestAdmin" name="test_summary" time="0.195" /><testcase classname="backend.tests.test_api.TestAdmin" name="test_retailers_list" time="0.102" /><testcase classname="backend.tests.test_api.TestAdmin" name="test_kyc_patch" time="0.152" /><testcase classname="backend.tests.test_api.TestAdmin" name="test_credit_limit_patch_reflects" time="0.601" /></testsuite></testsuites>